<?xml version="1.0" encoding="UTF-8"?>
<!-- Generated by org.testng.reporters.JUnitXMLReporter -->
<testsuite ignored="0" hostname="DESKTOP-G23FB35" failures="0" tests="6" name="Test" time="8.228" errors="0" timestamp="13 Feb 2023 15:36:01 GMT">
  <testcase classname="sagarrep.sagarmaven.appiumTest" name="apiui" time="0.01"/>
  <testcase classname="sagarrep.sagarmaven.appiumTest" name="browserapi" time="0.001"/>
  <testcase classname="sagarrep.sagarmaven.seleniumTest" name="brower" time="8.188"/>
  <testcase classname="sagarrep.sagarmaven.seleniumTest" name="webui" time="0.001"/>
  <testcase classname="sagarrep.sagarmaven.apiTest" name="apiUi" time="0.001"/>
  <testcase classname="sagarrep.sagarmaven.apiTest" name="apiweb" time="0.001"/>
</testsuite> <!-- Test -->
