<?xml version="1.0" encoding="UTF-8"?>
<testng-results ignored="0" total="6" passed="6" failed="0" skipped="0">
  <reporter-output>
  </reporter-output>
  <suite started-at="2023-02-13T15:35:53Z" name="Suite" finished-at="2023-02-13T15:36:01Z" duration-ms="8228">
    <groups>
    </groups>
    <test started-at="2023-02-13T15:35:53Z" name="Test" finished-at="2023-02-13T15:36:01Z" duration-ms="8228">
      <class name="sagarrep.sagarmaven.seleniumTest">
        <test-method signature="brower()[pri:0, instance:sagarrep.sagarmaven.seleniumTest@27d5a580]" started-at="2023-02-13T21:05:53Z" name="brower" finished-at="2023-02-13T21:06:01Z" duration-ms="8188" status="PASS">
          <reporter-output>
          </reporter-output>
        </test-method> <!-- brower -->
        <test-method signature="webui()[pri:0, instance:sagarrep.sagarmaven.seleniumTest@27d5a580]" started-at="2023-02-13T21:06:01Z" name="webui" finished-at="2023-02-13T21:06:01Z" duration-ms="1" status="PASS">
          <reporter-output>
          </reporter-output>
        </test-method> <!-- webui -->
      </class> <!-- sagarrep.sagarmaven.seleniumTest -->
      <class name="sagarrep.sagarmaven.apiTest">
        <test-method signature="apiUi()[pri:0, instance:sagarrep.sagarmaven.apiTest@198d6542]" started-at="2023-02-13T21:06:01Z" name="apiUi" finished-at="2023-02-13T21:06:01Z" duration-ms="1" status="PASS">
          <reporter-output>
          </reporter-output>
        </test-method> <!-- apiUi -->
        <test-method signature="apiweb()[pri:0, instance:sagarrep.sagarmaven.apiTest@198d6542]" started-at="2023-02-13T21:06:01Z" name="apiweb" finished-at="2023-02-13T21:06:01Z" duration-ms="1" status="PASS">
          <reporter-output>
          </reporter-output>
        </test-method> <!-- apiweb -->
      </class> <!-- sagarrep.sagarmaven.apiTest -->
      <class name="sagarrep.sagarmaven.appiumTest">
        <test-method signature="apiui()[pri:0, instance:sagarrep.sagarmaven.appiumTest@2812b107]" started-at="2023-02-13T21:05:53Z" name="apiui" finished-at="2023-02-13T21:05:53Z" duration-ms="10" status="PASS">
          <reporter-output>
          </reporter-output>
        </test-method> <!-- apiui -->
        <test-method signature="browserapi()[pri:0, instance:sagarrep.sagarmaven.appiumTest@2812b107]" started-at="2023-02-13T21:05:53Z" name="browserapi" finished-at="2023-02-13T21:05:53Z" duration-ms="1" status="PASS">
          <reporter-output>
          </reporter-output>
        </test-method> <!-- browserapi -->
      </class> <!-- sagarrep.sagarmaven.appiumTest -->
    </test> <!-- Test -->
  </suite> <!-- Suite -->
</testng-results>
