<?xml version="1.0" encoding="UTF-8"?>
<testsuite xmlns:xsi="http://www.w3.org/2001/XMLSchema-instance" xsi:noNamespaceSchemaLocation="https://maven.apache.org/surefire/maven-surefire-plugin/xsd/surefire-test-report-3.0.xsd" version="3.0" name="TestSuite" time="9.726" tests="6" errors="0" skipped="0" failures="0">
  <properties>
[...]
</properties>
  <testcase name="apiui" classname="sagarrep.sagarmaven.appiumTest" time="0.01">
    <system-out><![CDATA[[TestNGContentHandler] [WARN] It is strongly recommended to add "<!DOCTYPE suite SYSTEM "http://testng.org/testng-1.0.dtd" >" at the top of your file, otherwise TestNG may fail or not work as expected.
api ui method
]]></system-out>
  </testcase>
  <testcase name="browserapi" classname="sagarrep.sagarmaven.appiumTest" time="0.002">
    <system-out><![CDATA[browser api method
]]></system-out>
  </testcase>
  <testcase name="brower" classname="sagarrep.sagarmaven.seleniumTest" time="8.182">
    <system-out><![CDATA[Hello merry christmas, share this practice page and share your knowledge
]]></system-out>
    <system-err><![CDATA[Starting ChromeDriver 109.0.5414.74 (e7c5703604daa9cc128ccf5a5d3e993513758913-refs/branch-heads/5414@{#1172}) on port 9483
Only local connections are allowed.
Please see https://chromedriver.chromium.org/security-considerations for suggestions on keeping ChromeDriver safe.
ChromeDriver was started successfully.
Feb 13, 2023 9:05:55 PM org.openqa.selenium.remote.ProtocolHandshake createSession
INFO: Detected dialect: W3C
]]></system-err>
  </testcase>
  <testcase name="webui" classname="sagarrep.sagarmaven.seleniumTest" time="0.002">
    <system-out><![CDATA[webui
]]></system-out>
  </testcase>
  <testcase name="apiUi" classname="sagarrep.sagarmaven.apiTest" time="0.009">
    <system-out><![CDATA[api ui method
]]></system-out>
  </testcase>
  <testcase name="apiweb" classname="sagarrep.sagarmaven.apiTest" time="0.013">
    <system-out><![CDATA[api method
]]></system-out>
  </testcase>
</testsuite>