<?xml version="1.0" encoding="UTF-8"?>
<testng-results skipped="0" failed="0" ignored="0" total="1" passed="1">
  <reporter-output>
  </reporter-output>
  <suite name="Default suite" duration-ms="23767" started-at="2023-02-13T21:20:02 IST" finished-at="2023-02-13T21:20:26 IST">
    <groups>
    </groups>
    <test name="Default test" duration-ms="23767" started-at="2023-02-13T21:20:02 IST" finished-at="2023-02-13T21:20:26 IST">
      <class name="sagarrep.sagarmaven.Extenntreport">
        <test-method status="PASS" signature="config()[pri:0, instance:sagarrep.sagarmaven.Extenntreport@87f383f]" name="config" is-config="true" duration-ms="391" started-at="2023-02-13T21:20:02 IST" finished-at="2023-02-13T21:20:03 IST">
          <reporter-output>
          </reporter-output>
        </test-method> <!-- config -->
        <test-method status="PASS" signature="initialDemo()[pri:0, instance:sagarrep.sagarmaven.Extenntreport@87f383f]" name="initialDemo" duration-ms="23331" started-at="2023-02-13T21:20:03 IST" finished-at="2023-02-13T21:20:26 IST">
          <reporter-output>
          </reporter-output>
        </test-method> <!-- initialDemo -->
      </class> <!-- sagarrep.sagarmaven.Extenntreport -->
    </test> <!-- Default test -->
  </suite> <!-- Default suite -->
</testng-results>
